<?xml version="1.0" encoding="UTF-8"?>
<coverage generated="1639333992657" clover="3.2.0">
  <project timestamp="1639333992657" name="All files">
    <metrics statements="28" coveredstatements="18" conditionals="14" coveredconditionals="6" methods="7" coveredmethods="3" elements="49" coveredelements="27" complexity="0" loc="28" ncloc="28" packages="3" files="3" classes="3"/>
    <package name="components.Button">
      <metrics statements="15" coveredstatements="5" conditionals="7" coveredconditionals="0" methods="4" coveredmethods="0"/>
      <file name="Button.tsx" path="/home/vasily-sviridov/code/eduprog/eduprog-ui-framework/src/components/Button/Button.tsx">
        <metrics statements="15" coveredstatements="5" conditionals="7" coveredconditionals="0" methods="4" coveredmethods="0"/>
        <line num="1" count="1" type="stmt"/>
        <line num="2" count="1" type="stmt"/>
        <line num="3" count="1" type="stmt"/>
        <line num="46" count="1" type="stmt"/>
        <line num="57" count="0" type="stmt"/>
        <line num="59" count="0" type="stmt"/>
        <line num="67" count="0" type="stmt"/>
        <line num="68" count="0" type="stmt"/>
        <line num="70" count="0" type="cond" truecount="0" falsecount="1"/>
        <line num="71" count="0" type="stmt"/>
        <line num="74" count="0" type="stmt"/>
        <line num="75" count="0" type="stmt"/>
        <line num="79" count="0" type="stmt"/>
        <line num="83" count="0" type="stmt"/>
        <line num="101" count="1" type="stmt"/>
      </file>
    </package>
    <package name="components.Expand">
      <metrics statements="10" coveredstatements="10" conditionals="7" coveredconditionals="6" methods="2" coveredmethods="2"/>
      <file name="Expand.tsx" path="/home/vasily-sviridov/code/eduprog/eduprog-ui-framework/src/components/Expand/Expand.tsx">
        <metrics statements="10" coveredstatements="10" conditionals="7" coveredconditionals="6" methods="2" coveredmethods="2"/>
        <line num="1" count="1" type="stmt"/>
        <line num="2" count="1" type="stmt"/>
        <line num="3" count="1" type="stmt"/>
        <line num="11" count="1" type="stmt"/>
        <line num="16" count="2" type="stmt"/>
        <line num="17" count="2" type="stmt"/>
        <line num="22" count="2" type="stmt"/>
        <line num="23" count="1" type="stmt"/>
        <line num="26" count="2" type="stmt"/>
        <line num="41" count="1" type="stmt"/>
      </file>
    </package>
    <package name="utils">
      <metrics statements="3" coveredstatements="3" conditionals="0" coveredconditionals="0" methods="1" coveredmethods="1"/>
      <file name="classList.ts" path="/home/vasily-sviridov/code/eduprog/eduprog-ui-framework/src/utils/classList.ts">
        <metrics statements="3" coveredstatements="3" conditionals="0" coveredconditionals="0" methods="1" coveredmethods="1"/>
        <line num="1" count="1" type="stmt"/>
        <line num="2" count="2" type="stmt"/>
        <line num="5" count="1" type="stmt"/>
      </file>
    </package>
  </project>
</coverage>
