{"/home/vasily-sviridov/code/eduprog/eduprog-ui-framework/src/components/Button/Button.tsx": {"path":"/home/vasily-sviridov/code/eduprog/eduprog-ui-framework/src/components/Button/Button.tsx","statementMap":{"0":{"start":{"line":1,"column":0},"end":{"line":1,"column":44}},"1":{"start":{"line":2,"column":0},"end":{"line":2,"column":23}},"2":{"start":{"line":3,"column":0},"end":{"line":3,"column":41}},"3":{"start":{"line":46,"column":36},"end":{"line":99,"column":1}},"4":{"start":{"line":57,"column":30},"end":{"line":57,"column":45}},"5":{"start":{"line":59,"column":22},"end":{"line":65,"column":4}},"6":{"start":{"line":67,"column":19},"end":{"line":77,"column":3}},"7":{"start":{"line":68,"column":4},"end":{"line":68,"column":20}},"8":{"start":{"line":70,"column":4},"end":{"line":72,"column":null}},"9":{"start":{"line":71,"column":6},"end":{"line":71,"column":21}},"10":{"start":{"line":74,"column":4},"end":{"line":76,"column":12}},"11":{"start":{"line":75,"column":6},"end":{"line":75,"column":23}},"12":{"start":{"line":79,"column":2},"end":{"line":98,"column":4}},"13":{"start":{"line":83,"column":28},"end":{"line":83,"column":43}},"14":{"start":{"line":101,"column":0},"end":{"line":101,"column":22}}},"fnMap":{"0":{"name":"(anonymous_7)","decl":{"start":{"line":46,"column":36},"end":{"line":46,"column":37}},"loc":{"start":{"line":56,"column":5},"end":{"line":99,"column":1}}},"1":{"name":"(anonymous_8)","decl":{"start":{"line":67,"column":19},"end":{"line":67,"column":20}},"loc":{"start":{"line":67,"column":66},"end":{"line":77,"column":3}}},"2":{"name":"(anonymous_9)","decl":{"start":{"line":74,"column":15},"end":{"line":74,"column":18}},"loc":{"start":{"line":74,"column":20},"end":{"line":76,"column":5}}},"3":{"name":"(anonymous_10)","decl":{"start":{"line":83,"column":17},"end":{"line":83,"column":18}},"loc":{"start":{"line":83,"column":28},"end":{"line":83,"column":43}}}},"branchMap":{"0":{"loc":{"start":{"line":48,"column":2},"end":{"line":48,"column":18}},"type":"default-arg","locations":[{"start":{"line":48,"column":9},"end":{"line":48,"column":18}}]},"1":{"loc":{"start":{"line":49,"column":2},"end":{"line":49,"column":13}},"type":"default-arg","locations":[{"start":{"line":49,"column":9},"end":{"line":49,"column":13}}]},"2":{"loc":{"start":{"line":51,"column":2},"end":{"line":51,"column":16}},"type":"default-arg","locations":[{"start":{"line":51,"column":14},"end":{"line":51,"column":16}}]},"3":{"loc":{"start":{"line":53,"column":2},"end":{"line":53,"column":19}},"type":"default-arg","locations":[{"start":{"line":53,"column":10},"end":{"line":53,"column":19}}]},"4":{"loc":{"start":{"line":63,"column":4},"end":{"line":63,"column":35}},"type":"cond-expr","locations":[{"start":{"line":63,"column":13},"end":{"line":63,"column":30}},{"start":{"line":63,"column":33},"end":{"line":63,"column":35}}]},"5":{"loc":{"start":{"line":70,"column":4},"end":{"line":72,"column":null}},"type":"if","locations":[{"start":{"line":70,"column":4},"end":{"line":72,"column":null}}]}},"s":{"0":1,"1":1,"2":1,"3":1,"4":0,"5":0,"6":0,"7":0,"8":0,"9":0,"10":0,"11":0,"12":0,"13":0,"14":1},"f":{"0":0,"1":0,"2":0,"3":0},"b":{"0":[0],"1":[0],"2":[0],"3":[0],"4":[0,0],"5":[0]}}
,"/home/vasily-sviridov/code/eduprog/eduprog-ui-framework/src/components/Expand/Expand.tsx": {"path":"/home/vasily-sviridov/code/eduprog/eduprog-ui-framework/src/components/Expand/Expand.tsx","statementMap":{"0":{"start":{"line":1,"column":0},"end":{"line":1,"column":44}},"1":{"start":{"line":2,"column":0},"end":{"line":2,"column":23}},"2":{"start":{"line":3,"column":0},"end":{"line":3,"column":46}},"3":{"start":{"line":11,"column":38},"end":{"line":39,"column":1}},"4":{"start":{"line":16,"column":30},"end":{"line":16,"column":45}},"5":{"start":{"line":17,"column":36},"end":{"line":21,"column":4}},"6":{"start":{"line":22,"column":18},"end":{"line":24,"column":3}},"7":{"start":{"line":23,"column":4},"end":{"line":23,"column":23}},"8":{"start":{"line":26,"column":2},"end":{"line":38,"column":4}},"9":{"start":{"line":41,"column":0},"end":{"line":41,"column":22}}},"fnMap":{"0":{"name":"(anonymous_7)","decl":{"start":{"line":11,"column":38},"end":{"line":11,"column":39}},"loc":{"start":{"line":15,"column":5},"end":{"line":39,"column":1}}},"1":{"name":"(anonymous_8)","decl":{"start":{"line":22,"column":18},"end":{"line":22,"column":21}},"loc":{"start":{"line":22,"column":23},"end":{"line":24,"column":3}}}},"branchMap":{"0":{"loc":{"start":{"line":14,"column":2},"end":{"line":14,"column":21}},"type":"default-arg","locations":[{"start":{"line":14,"column":15},"end":{"line":14,"column":21}}]},"1":{"loc":{"start":{"line":19,"column":4},"end":{"line":19,"column":57}},"type":"cond-expr","locations":[{"start":{"line":19,"column":17},"end":{"line":19,"column":52}},{"start":{"line":19,"column":55},"end":{"line":19,"column":57}}]},"2":{"loc":{"start":{"line":20,"column":4},"end":{"line":20,"column":46}},"type":"cond-expr","locations":[{"start":{"line":20,"column":13},"end":{"line":20,"column":41}},{"start":{"line":20,"column":44},"end":{"line":20,"column":46}}]},"3":{"loc":{"start":{"line":32,"column":7},"end":{"line":35,"column":null}},"type":"binary-expr","locations":[{"start":{"line":32,"column":7},"end":{"line":32,"column":13}},{"start":{"line":33,"column":8},"end":{"line":34,"column":null}}]}},"s":{"0":1,"1":1,"2":1,"3":1,"4":2,"5":2,"6":2,"7":1,"8":2,"9":1},"f":{"0":2,"1":1},"b":{"0":[2],"1":[2,0],"2":[1,1],"3":[2,1]}}
,"/home/vasily-sviridov/code/eduprog/eduprog-ui-framework/src/utils/classList.ts": {"path":"/home/vasily-sviridov/code/eduprog/eduprog-ui-framework/src/utils/classList.ts","statementMap":{"0":{"start":{"line":1,"column":18},"end":{"line":3,"column":1}},"1":{"start":{"line":2,"column":2},"end":{"line":2,"column":34}},"2":{"start":{"line":5,"column":0},"end":{"line":5,"column":25}}},"fnMap":{"0":{"name":"(anonymous_0)","decl":{"start":{"line":1,"column":18},"end":{"line":1,"column":19}},"loc":{"start":{"line":1,"column":45},"end":{"line":3,"column":1}}}},"branchMap":{},"s":{"0":1,"1":2,"2":1},"f":{"0":2},"b":{}}
}
