TN:
SF:src/components/Button/Button.tsx
FN:46,(anonymous_7)
FN:67,(anonymous_8)
FN:74,(anonymous_9)
FN:83,(anonymous_10)
FNF:4
FNH:0
FNDA:0,(anonymous_7)
FNDA:0,(anonymous_8)
FNDA:0,(anonymous_9)
FNDA:0,(anonymous_10)
DA:1,1
DA:2,1
DA:3,1
DA:46,1
DA:57,0
DA:59,0
DA:67,0
DA:68,0
DA:70,0
DA:71,0
DA:74,0
DA:75,0
DA:79,0
DA:83,0
DA:101,1
LF:15
LH:5
BRDA:48,0,0,0
BRDA:49,1,0,0
BRDA:51,2,0,0
BRDA:53,3,0,0
BRDA:63,4,0,0
BRDA:63,4,1,0
BRDA:70,5,0,0
BRF:7
BRH:0
end_of_record
TN:
SF:src/components/Expand/Expand.tsx
FN:11,(anonymous_7)
FN:22,(anonymous_8)
FNF:2
FNH:2
FNDA:2,(anonymous_7)
FNDA:1,(anonymous_8)
DA:1,1
DA:2,1
DA:3,1
DA:11,1
DA:16,2
DA:17,2
DA:22,2
DA:23,1
DA:26,2
DA:41,1
LF:10
LH:10
BRDA:14,0,0,2
BRDA:19,1,0,2
BRDA:19,1,1,0
BRDA:20,2,0,1
BRDA:20,2,1,1
BRDA:32,3,0,2
BRDA:32,3,1,1
BRF:7
BRH:6
end_of_record
TN:
SF:src/utils/classList.ts
FN:1,(anonymous_0)
FNF:1
FNH:1
FNDA:2,(anonymous_0)
DA:1,1
DA:2,2
DA:5,1
LF:3
LH:3
BRF:0
BRH:0
end_of_record
